<?xml version="1.0" encoding="UTF-8"?>
<testng-results skipped="0" failed="0" ignored="0" total="1" passed="1">
  <reporter-output>
  </reporter-output>
  <suite name="Default suite" duration-ms="43956" started-at="2022-06-08T05:10:06Z" finished-at="2022-06-08T05:10:50Z">
    <groups>
      <group name="pilot">
        <method signature="WebTestUserLoadingTime.AcdemyLoginTest(java.lang.String, java.lang.String)[pri:1, instance:org.winvinaya.academy.testauto.test.testsuites.WebTestUserLoadingTime@23f7d05d]" name="AcdemyLoginTest" class="org.winvinaya.academy.testauto.test.testsuites.WebTestUserLoadingTime"/>
      </group> <!-- pilot -->
    </groups>
    <test name="Default test" duration-ms="43956" started-at="2022-06-08T05:10:06Z" finished-at="2022-06-08T05:10:50Z">
      <class name="org.winvinaya.academy.testauto.test.testsuites.WebTestUserLoadingTime">
        <test-method status="PASS" signature="beforeSuite()[pri:0, instance:org.winvinaya.academy.testauto.test.testsuites.WebTestUserLoadingTime@23f7d05d]" name="beforeSuite" is-config="true" duration-ms="31" started-at="2022-06-08T05:10:06Z" finished-at="2022-06-08T05:10:06Z">
          <reporter-output>
          </reporter-output>
        </test-method> <!-- beforeSuite -->
        <test-method status="PASS" signature="beforeMethod()[pri:0, instance:org.winvinaya.academy.testauto.test.testsuites.WebTestUserLoadingTime@23f7d05d]" name="beforeMethod" is-config="true" duration-ms="0" started-at="2022-06-08T05:10:06Z" finished-at="2022-06-08T05:10:06Z">
          <reporter-output>
          </reporter-output>
        </test-method> <!-- beforeMethod -->
        <test-method status="PASS" signature="AcdemyLoginTest(java.lang.String, java.lang.String)[pri:1, instance:org.winvinaya.academy.testauto.test.testsuites.WebTestUserLoadingTime@23f7d05d]" name="AcdemyLoginTest" duration-ms="43918" started-at="2022-06-08T05:10:06Z" data-provider="browsers" finished-at="2022-06-08T05:10:50Z">
          <params>
            <param index="0">
              <value>
                <![CDATA[2]]>
              </value>
            </param>
            <param index="1">
              <value>
                <![CDATA[Chrome]]>
              </value>
            </param>
          </params>
          <reporter-output>
          </reporter-output>
        </test-method> <!-- AcdemyLoginTest -->
        <test-method status="PASS" signature="afterMethod()[pri:0, instance:org.winvinaya.academy.testauto.test.testsuites.WebTestUserLoadingTime@23f7d05d]" name="afterMethod" is-config="true" duration-ms="857" started-at="2022-06-08T05:10:50Z" finished-at="2022-06-08T05:10:51Z">
          <reporter-output>
          </reporter-output>
        </test-method> <!-- afterMethod -->
        <test-method status="FAIL" signature="afterSuite()[pri:0, instance:org.winvinaya.academy.testauto.test.testsuites.WebTestUserLoadingTime@23f7d05d]" name="afterSuite" is-config="true" duration-ms="1895" started-at="2022-06-08T05:10:51Z" depends-on-methods="org.winvinaya.academy.testauto.test.WebTestWinVinayaAcadamyBase.afterMethod" finished-at="2022-06-08T05:10:53Z">
          <exception class="java.lang.RuntimeException">
            <message>
              <![CDATA[javax.mail.AuthenticationFailedException: 535-5.7.8 Username and Password not accepted. Learn more at
535 5.7.8  https://support.google.com/mail/?p=BadCredentials u1-20020a056a00098100b0051bc4ed56bcsm6196069pfg.204 - gsmtp
]]>
            </message>
            <full-stacktrace>
              <![CDATA[java.lang.RuntimeException: javax.mail.AuthenticationFailedException: 535-5.7.8 Username and Password not accepted. Learn more at
535 5.7.8  https://support.google.com/mail/?p=BadCredentials u1-20020a056a00098100b0051bc4ed56bcsm6196069pfg.204 - gsmtp

at org.winvinaya.academy.testauto.SendAttachment.sendmail(SendAttachment.java:102)
at org.winvinaya.academy.testauto.test.WinVinayaAcadamyWebBaseTest.afterSuite(WinVinayaAcadamyWebBaseTest.java:38)
at sun.reflect.NativeMethodAccessorImpl.invoke0(Native Method)
at sun.reflect.NativeMethodAccessorImpl.invoke(Unknown Source)
at sun.reflect.DelegatingMethodAccessorImpl.invoke(Unknown Source)
at java.lang.reflect.Method.invoke(Unknown Source)
at org.testng.internal.MethodInvocationHelper.invokeMethod(MethodInvocationHelper.java:124)
at org.testng.internal.MethodInvocationHelper.invokeMethodConsideringTimeout(MethodInvocationHelper.java:59)
at org.testng.internal.Invoker.invokeConfigurationMethod(Invoker.java:458)
at org.testng.internal.Invoker.invokeConfigurations(Invoker.java:222)
at org.testng.internal.Invoker.invokeConfigurations(Invoker.java:142)
at org.testng.SuiteRunner.privateRun(SuiteRunner.java:425)
at org.testng.SuiteRunner.run(SuiteRunner.java:364)
at org.testng.SuiteRunnerWorker.runSuite(SuiteRunnerWorker.java:52)
at org.testng.SuiteRunnerWorker.run(SuiteRunnerWorker.java:84)
at org.testng.TestNG.runSuitesSequentially(TestNG.java:1208)
at org.testng.TestNG.runSuitesLocally(TestNG.java:1137)
at org.testng.TestNG.runSuites(TestNG.java:1049)
at org.testng.TestNG.run(TestNG.java:1017)
at org.testng.remote.AbstractRemoteTestNG.run(AbstractRemoteTestNG.java:115)
at org.testng.remote.RemoteTestNG.initAndRun(RemoteTestNG.java:251)
at org.testng.remote.RemoteTestNG.main(RemoteTestNG.java:77)
Caused by: javax.mail.AuthenticationFailedException: 535-5.7.8 Username and Password not accepted. Learn more at
535 5.7.8  https://support.google.com/mail/?p=BadCredentials u1-20020a056a00098100b0051bc4ed56bcsm6196069pfg.204 - gsmtp

at com.sun.mail.smtp.SMTPTransport$Authenticator.authenticate(SMTPTransport.java:965)
at com.sun.mail.smtp.SMTPTransport.authenticate(SMTPTransport.java:876)
at com.sun.mail.smtp.SMTPTransport.protocolConnect(SMTPTransport.java:780)
at javax.mail.Service.connect(Service.java:388)
at javax.mail.Service.connect(Service.java:246)
at javax.mail.Service.connect(Service.java:195)
at javax.mail.Transport.send0(Transport.java:254)
at javax.mail.Transport.send(Transport.java:124)
at org.winvinaya.academy.testauto.SendAttachment.sendmail(SendAttachment.java:96)
... 21 more
]]>
            </full-stacktrace>
          </exception> <!-- java.lang.RuntimeException -->
          <reporter-output>
          </reporter-output>
        </test-method> <!-- afterSuite -->
      </class> <!-- org.winvinaya.academy.testauto.test.testsuites.WebTestUserLoadingTime -->
    </test> <!-- Default test -->
  </suite> <!-- Default suite -->
</testng-results>
